============================================================
  Generated by:           Genus(TM) Synthesis Solution 21.19-s055_1
  Generated on:           Nov 28 2025  12:03:48 pm
  Module:                 Kernel
  Technology libraries:   tcbn65gplustc_ccs 200
                          physical_cells 
  Operating conditions:   NCCOM 
  Interconnect mode:      global
  Area mode:              physical library
============================================================

                              
  Gate    Instances    Area          Library       
---------------------------------------------------
AN3XD1            1     2.520    tcbn65gplustc_ccs 
AO22D0           11    31.680    tcbn65gplustc_ccs 
CKXOR2D1         11    39.600    tcbn65gplustc_ccs 
DFCND1            1     8.640    tcbn65gplustc_ccs 
DFCNQD1         270  2138.400    tcbn65gplustc_ccs 
DFKCNQD1        414  2980.800    tcbn65gplustc_ccs 
EDFCND1           2    22.320    tcbn65gplustc_ccs 
FA1D0            44   396.000    tcbn65gplustc_ccs 
HA1D0            41   236.160    tcbn65gplustc_ccs 
INR2XD0           1     2.160    tcbn65gplustc_ccs 
NR2XD0            1     1.440    tcbn65gplustc_ccs 
XOR2D1           11    39.600    tcbn65gplustc_ccs 
---------------------------------------------------
total           808  5899.320                      


                                         
     Type      Instances   Area   Area % 
-----------------------------------------
sequential           687 5150.160   87.3 
logic                121  749.160   12.7 
physical_cells         0    0.000    0.0 
-----------------------------------------
total                808 5899.320  100.0 
