*----------------------------------------------------------------------------------------
*	Innovus 21.12-s106_1 (64bit) 12/08/2021 18:19 (Linux 3.10.0-693.el7.x86_64)
*	
*
* 	Date & Time:	2025-Nov-28 11:10:25 (2025-Nov-28 05:40:25 GMT)
*
*----------------------------------------------------------------------------------------
*
*	Design: Kernel
*
*	Liberty Libraries used: 
*	        BEST_CASE: /vlsi/pdk/course_pdk_2025/tsmc_gp_65_stdio/tcbn65gplus_200a/TSMCHOME/digital/Front_End/timing_power_noise/CCS/tcbn65gplus_200a/tcbn65gplusbc_ccs.lib
*
*	Power Domain used: 
*              Rail:        VDD      Voltage:        1.1 
*
*       Power View : BEST_CASE
*
*       User-Defined Activity : N.A.
*
*       Activity File: N.A.
*
*       Hierarchical Global Activity: N.A.
*
*       Global Activity: N.A.
*
*       Sequential Element Activity: 0.200000
*
*       Primary Input Activity: 0.200000
*
*       Default icg ratio: N.A.
*
*       Global Comb ClockGate Ratio: N.A.
*
*	Power Units = 1mW
*
*	Time Units = 1e-09 secs 
*
*       report_power -outfile physical_design/power.rpt
*
-----------------------------------------------------------------------------------------


Total Power 
-----------------------------------------------------------------------------------------
Total Internal Power:        0.86662250 	   72.5712%
Total Switching Power:       0.10563899 	    8.8462%
Total Leakage Power:         0.22190761 	   18.5826%
Total Power:                 1.19416911 
-----------------------------------------------------------------------------------------


Group                           Internal   Switching     Leakage       Total  Percentage 
                                Power      Power         Power         Power  (%)        
-----------------------------------------------------------------------------------------
Sequential                        0.8077     0.01411      0.1156      0.9374        78.5 
Macro                                  0           0           0           0           0 
IO                                     0           0    7.44e-05    7.44e-05     0.00623 
Physical-Only                          0           0     0.07719     0.07719       6.464 
Combinational                    0.03323     0.02668     0.02604     0.08595       7.198 
Clock (Combinational)             0.0257     0.06484    0.003022     0.09357       7.835 
Clock (Sequential)                     0           0           0           0           0 
-----------------------------------------------------------------------------------------
Total                             0.8666      0.1056      0.2219       1.194         100 
-----------------------------------------------------------------------------------------


Rail                  Voltage   Internal   Switching     Leakage       Total  Percentage 
                                Power      Power         Power         Power  (%)        
-----------------------------------------------------------------------------------------
VDD                       1.1     0.8666      0.1056      0.2219       1.194         100 


Clock                           Internal   Switching     Leakage       Total  Percentage 
                                Power      Power         Power         Power  (%)        
-----------------------------------------------------------------------------------------
clk                               0.0257     0.06484    0.003022     0.09357       7.835 
-----------------------------------------------------------------------------------------
Total (excluding duplicates)      0.0257     0.06484    0.003022     0.09357       7.835 
-----------------------------------------------------------------------------------------
Clock: clk
Clock Period: 0.010000 usec 
Clock Toggle Rate:   200.0000 Mhz 
Clock Static Probability:  0.5000



-----------------------------------------------------------------------------------------
*	Power Distribution Summary: 
*                Highest Average Power:       CTS_ccl_a_buf_00001 (CKBD16):          0.01918 
*                Highest Leakage Power:       CTS_ccl_a_buf_00005 (CKBD16):        0.0006045 
*          Total Cap:      3.70842e-12 F
*          Total instances in design:  1365
*          Total instances in design with no power:     0
*          Total instances in design with no activity:     0
*          Total Fillers and Decap:   515
-----------------------------------------------------------------------------------------
