###############################################################
#  Generated by:      Cadence Innovus 21.12-s106_1
#  OS:                Linux x86_64(Host ID vlsi73.ee.iitb.ac.in)
#  Generated on:      Fri Nov 28 11:10:24 2025
#  Design:            Kernel
#  Command:           timeDesign -postRoute -hold
###############################################################

------------------------------------------------------------------
          timeDesign Summary
------------------------------------------------------------------

+--------------------+---------+---------+---------+
|     Hold mode      |   all   | reg2reg | default |
+--------------------+---------+---------+---------+
|           WNS (ns):|  0.004  |  0.004  |  0.012  |
|           TNS (ns):|  0.000  |  0.000  |  0.000  |
|    Violating Paths:|    0    |    0    |    0    |
|          All Paths:|   730   |   289   |   441   |
+--------------------+---------+---------+---------+

Density: 100.000%
------------------------------------------------------------------